<?xml version="1.0" encoding="UTF-8"?>
<testng-results skipped="0" failed="0" ignored="0" total="1" passed="1">
  <reporter-output>
  </reporter-output>
  <suite name="Suite" duration-ms="14355" started-at="2021-02-04T13:43:50Z" finished-at="2021-02-04T13:44:05Z">
    <groups>
    </groups>
    <test name="Test" duration-ms="14355" started-at="2021-02-04T13:43:50Z" finished-at="2021-02-04T13:44:05Z">
      <class name="actitimetest.ActitimeTest">
        <test-method status="PASS" signature="setup()[pri:0, instance:actitimetest.ActitimeTest@5ea434c8]" name="setup" is-config="true" duration-ms="7668" started-at="2021-02-04T13:43:50Z" finished-at="2021-02-04T13:43:58Z">
          <reporter-output>
          </reporter-output>
        </test-method> <!-- setup -->
        <test-method status="PASS" signature="testLogin()[pri:0, instance:actitimetest.ActitimeTest@5ea434c8]" name="testLogin" duration-ms="6440" started-at="2021-02-04T13:43:58Z" finished-at="2021-02-04T13:44:05Z">
          <reporter-output>
          </reporter-output>
        </test-method> <!-- testLogin -->
        <test-method status="PASS" signature="tearDown()[pri:0, instance:actitimetest.ActitimeTest@5ea434c8]" name="tearDown" is-config="true" duration-ms="196" started-at="2021-02-04T13:44:05Z" finished-at="2021-02-04T13:44:05Z">
          <reporter-output>
          </reporter-output>
        </test-method> <!-- tearDown -->
      </class> <!-- actitimetest.ActitimeTest -->
    </test> <!-- Test -->
  </suite> <!-- Suite -->
</testng-results>
