<?xml version="1.0" encoding="UTF-8"?>
<!-- Generated by org.testng.reporters.JUnitXMLReporter -->
<testsuite hostname="TARUNSALVE" ignored="0" name="Test" tests="3" failures="0" timestamp="2021-01-26T16:24:58 IST" time="12.915" errors="0">
  <testcase name="test3" time="12.675" classname="parallelexecution.ParallelClass3"/>
  <testcase name="test1" time="12.734" classname="parallelexecution.ParallelClass1"/>
  <testcase name="test2" time="12.776" classname="parallelexecution.ParallelClass2"/>
</testsuite> <!-- Test -->
