<?xml version="1.0" encoding="UTF-8"?>
<testng-results skipped="0" failed="0" ignored="0" total="1" passed="1">
  <reporter-output>
  </reporter-output>
  <suite name="Default suite" duration-ms="19981" started-at="2021-02-02T13:37:50Z" finished-at="2021-02-02T13:38:10Z">
    <groups>
    </groups>
    <test name="Default test" duration-ms="19981" started-at="2021-02-02T13:37:50Z" finished-at="2021-02-02T13:38:10Z">
      <class name="actitimetest.ActitimeTest">
        <test-method status="PASS" signature="setup()[pri:0, instance:actitimetest.ActitimeTest@6973bf95]" name="setup" is-config="true" duration-ms="9149" started-at="2021-02-02T13:37:50Z" finished-at="2021-02-02T13:37:59Z">
          <reporter-output>
          </reporter-output>
        </test-method> <!-- setup -->
        <test-method status="PASS" signature="testLogin()[pri:0, instance:actitimetest.ActitimeTest@6973bf95]" name="testLogin" duration-ms="10405" started-at="2021-02-02T13:37:59Z" finished-at="2021-02-02T13:38:10Z">
          <reporter-output>
          </reporter-output>
        </test-method> <!-- testLogin -->
        <test-method status="PASS" signature="tearDown()[pri:0, instance:actitimetest.ActitimeTest@6973bf95]" name="tearDown" is-config="true" duration-ms="368" started-at="2021-02-02T13:38:10Z" finished-at="2021-02-02T13:38:10Z">
          <reporter-output>
          </reporter-output>
        </test-method> <!-- tearDown -->
      </class> <!-- actitimetest.ActitimeTest -->
    </test> <!-- Default test -->
  </suite> <!-- Default suite -->
</testng-results>
