<?xml version="1.0" encoding="UTF-8"?>
<testng-results skipped="0" failed="0" ignored="0" total="1" passed="1">
  <reporter-output>
  </reporter-output>
  <suite name="Default suite" duration-ms="15204" started-at="2021-02-01T20:21:40 IST" finished-at="2021-02-01T20:21:55 IST">
    <groups>
    </groups>
    <test name="Default test" duration-ms="15204" started-at="2021-02-01T20:21:40 IST" finished-at="2021-02-01T20:21:55 IST">
      <class name="testngpack.SeleniumGrid_2">
        <test-method status="PASS" signature="setUp()[pri:0, instance:testngpack.SeleniumGrid_2@30b8a058]" name="setUp" is-config="true" duration-ms="10784" started-at="2021-02-01T20:21:40 IST" finished-at="2021-02-01T20:21:51 IST">
          <reporter-output>
          </reporter-output>
        </test-method> <!-- setUp -->
        <test-method status="PASS" signature="simpleTest()[pri:0, instance:testngpack.SeleniumGrid_2@30b8a058]" name="simpleTest" duration-ms="4077" started-at="2021-02-01T20:21:51 IST" finished-at="2021-02-01T20:21:55 IST">
          <reporter-output>
          </reporter-output>
        </test-method> <!-- simpleTest -->
        <test-method status="PASS" signature="afterTest()[pri:0, instance:testngpack.SeleniumGrid_2@30b8a058]" name="afterTest" is-config="true" duration-ms="203" started-at="2021-02-01T20:21:55 IST" finished-at="2021-02-01T20:21:55 IST">
          <reporter-output>
          </reporter-output>
        </test-method> <!-- afterTest -->
      </class> <!-- testngpack.SeleniumGrid_2 -->
    </test> <!-- Default test -->
  </suite> <!-- Default suite -->
</testng-results>
